DATABASE has been created and loaded with base tables.
Empty pet created. No JSON.
Empty shelter created. No JSON.
Calling API @: http://api.petfinder.com/pet.getRandom?key=60565187dd6a139dcfbda7c1743e62d4&output=full&format=json
Calling API @: http://api.petfinder.com/pet.get?key=60565187dd6a139dcfbda7c1743e62d4&id=42967158&format=json
Missing attribute: phone
{'phone': {}, 'state': {'$t': 'TX'}, 'address2': {'$t': 'P.O. Box 743'}, 'email': {'$t': 'lorenarae21@yahoo.com'}, 'city': {'$t': 'Lytle'}, 'zip': {'$t': '78052'}, 'fax': {}, 'address1': {'$t': '17971 W. FM 2790 S.'}}
Calling API @: http://api.petfinder.com/breed.list?key=60565187dd6a139dcfbda7c1743e62d4&animal=dog&format=json
Calling API @: http://api.petfinder.com/shelter.find?key=60565187dd6a139dcfbda7c1743e62d4&location=80005&format=json
Missing attribute: phone
{'country': {'$t': 'US'}, 'longitude': {'$t': '-105.007'}, 'name': {'$t': 'German Shepherd Rescue of the Rockies'}, 'phone': {}, 'state': {'$t': 'CO'}, 'address2': {}, 'email': {'$t': 'gsroar@gmail.com'}, 'city': {'$t': 'Denver'}, 'zip': {'$t': '80221'}, 'fax': {}, 'latitude': {'$t': '39.834'}, 'id': {'$t': 'CO382'}, 'address1': {}}
Missing attribute: phone
{'country': {'$t': 'US'}, 'longitude': {'$t': '-105.0652'}, 'name': {'$t': 'Mile High Labrador Retriever Mission'}, 'phone': {}, 'state': {'$t': 'CO'}, 'address2': {}, 'email': {'$t': 'milehighlabmission@gmail.com'}, 'city': {'$t': 'Broomfield'}, 'zip': {'$t': '80020'}, 'fax': {}, 'latitude': {'$t': '39.9263'}, 'id': {'$t': 'CO329'}, 'address1': {}}
Missing attribute: phone
{'country': {'$t': 'US'}, 'longitude': {'$t': '-105.0652'}, 'name': {'$t': 'Do Over Dogs - A Second Chance At Life'}, 'phone': {}, 'state': {'$t': 'CO'}, 'address2': {}, 'email': {'$t': 'dooverdog@hotmail.com'}, 'city': {'$t': 'Broomfield'}, 'zip': {'$t': '80020'}, 'fax': {}, 'latitude': {'$t': '39.9263'}, 'id': {'$t': 'CO444'}, 'address1': {}}
Missing attribute: phone
{'country': {'$t': 'US'}, 'longitude': {'$t': '-105.0198'}, 'name': {'$t': 'Friends of Todd'}, 'phone': {}, 'state': {'$t': 'CO'}, 'address2': {}, 'email': {'$t': 'rescue@friendsoftodd.org'}, 'city': {'$t': 'Denver'}, 'zip': {'$t': '80211'}, 'fax': {}, 'latitude': {'$t': '39.7664'}, 'id': {'$t': 'CO460'}, 'address1': {}}
Missing attribute: phone
{'country': {'$t': 'US'}, 'longitude': {'$t': '-104.9616'}, 'name': {'$t': 'Friends of Retired Greyhounds'}, 'phone': {}, 'state': {'$t': 'CO'}, 'address2': {}, 'email': {'$t': 'info@friendsofretiredgreyhounds.org'}, 'city': {'$t': 'Thornton'}, 'zip': {'$t': '80229'}, 'fax': {}, 'latitude': {'$t': '39.8582'}, 'id': {'$t': 'CO95'}, 'address1': {'$t': 'PO Box 29678'}}
Missing attribute: email
{'country': {'$t': 'US'}, 'longitude': {'$t': '-105.1985'}, 'name': {'$t': 'Safe Harbor Lab Rescue'}, 'phone': {'$t': '(303) 464-7777'}, 'state': {'$t': 'CO'}, 'address2': {}, 'email': {}, 'city': {'$t': 'Golden'}, 'zip': {'$t': '80401'}, 'fax': {}, 'latitude': {'$t': '39.7312'}, 'id': {'$t': 'CO138'}, 'address1': {'$t': '601 16th Street  #C-322'}}
Missing attribute: phone
{'country': {'$t': 'US'}, 'longitude': {'$t': '-105.1985'}, 'name': {'$t': 'Vintage Dog Rescue'}, 'phone': {}, 'state': {'$t': 'CO'}, 'address2': {}, 'email': {'$t': 'coloradoschnauzerrescue@gmail.com'}, 'city': {'$t': 'Littleton'}, 'zip': {'$t': '80401'}, 'fax': {}, 'latitude': {'$t': '39.7312'}, 'id': {'$t': 'CO173'}, 'address1': {}}
Missing attribute: phone
{'country': {'$t': 'US'}, 'longitude': {'$t': '-105.086'}, 'name': {'$t': 'HomeComings Dog Rescue'}, 'phone': {}, 'state': {'$t': 'CO'}, 'address2': {}, 'email': {'$t': 'homecomingsrescue@gmail.com'}, 'city': {'$t': 'Lakewood'}, 'zip': {'$t': '80226'}, 'fax': {}, 'latitude': {'$t': '39.7108'}, 'id': {'$t': 'CO446'}, 'address1': {}}
Missing attribute: phone
{'country': {'$t': 'US'}, 'longitude': {'$t': '-104.9656'}, 'name': {'$t': 'PawsCo'}, 'phone': {}, 'state': {'$t': 'CO'}, 'address2': {}, 'email': {'$t': 'adopt@pawscoadoptions.org'}, 'city': {'$t': 'Denver'}, 'zip': {'$t': '80205'}, 'fax': {}, 'latitude': {'$t': '39.7588'}, 'id': {'$t': 'CO425'}, 'address1': {'$t': 'P.O. Box 6261'}}
Missing attribute: phone
{'country': {'$t': 'US'}, 'longitude': {'$t': '-105.1462'}, 'name': {'$t': 'Western Border Collie Rescue'}, 'phone': {}, 'state': {'$t': 'CO'}, 'address2': {}, 'email': {'$t': 'info@wbcrescue.org'}, 'city': {'$t': 'Louisville'}, 'zip': {'$t': '80027'}, 'fax': {}, 'latitude': {'$t': '39.9782'}, 'id': {'$t': 'CO115'}, 'address1': {}}
Calling API @: http://api.petfinder.com/shelter.get?key=60565187dd6a139dcfbda7c1743e62d4&id=CO115&format=json
Missing attribute: phone
{'country': {'$t': 'US'}, 'longitude': {'$t': '-105.1462'}, 'name': {'$t': 'Western Border Collie Rescue'}, 'phone': {}, 'state': {'$t': 'CO'}, 'address2': {}, 'email': {'$t': 'info@wbcrescue.org'}, 'city': {'$t': 'Louisville'}, 'zip': {'$t': '80027'}, 'fax': {}, 'latitude': {'$t': '39.9782'}, 'id': {'$t': 'CO115'}, 'address1': {}}
